<?xml version="1.0" encoding="UTF-8"?>
<!-- Generated by org.testng.reporters.JUnitReportReporter -->
<testsuite hostname="DESKTOP-VL3KBQ4" failures="0" tests="2" name="testcase.MyFirstTestFW" time="92.934" errors="0" timestamp="2025-08-09T15:24:21 IST" skipped="0">
  <testcase classname="testcase.MyFirstTestFW" name="LoginTest" time="55.149"/>
  <testcase classname="testcase.MyFirstTestFW" name="LoginTest" time="37.785"/>
</testsuite> <!-- testcase.MyFirstTestFW -->
